[2m2026-04-18T00:46:07.941445Z[0m [33m WARN[0m [2mralph::loop_runner[0m[2m:[0m Interactive mode requested but stdout is not a TTY, falling back to autonomous
[2m2026-04-18T00:46:07.941908Z[0m [32m INFO[0m [2mralph_telegram::service[0m[2m:[0m Telegram service starting [3mbot_token[0m[2m=[0m8414...bo2k [3mworkspace[0m[2m=[0m/home/admin/pinch_n_print [3mtimeout_secs[0m[2m=[0m120
[2m2026-04-18T00:46:08.681219Z[0m [32m INFO[0m [2mralph_telegram::service[0m[2m:[0m Registered bot commands with Telegram API
[2m2026-04-18T00:46:08.681255Z[0m [32m INFO[0m [2mralph_telegram::service[0m[2m:[0m Telegram polling task started [3mloop_id[0m[2m=[0mmain
[2m2026-04-18T00:46:08.717711Z[0m [32m INFO[0m [2mralph_telegram::service[0m[2m:[0m Sent greeting to chat 5506222402
[2m2026-04-18T00:46:08.717744Z[0m [32m INFO[0m [2mralph_telegram::service[0m[2m:[0m Telegram service started — polling for incoming messages
[2m2026-04-18T00:46:08.717751Z[0m [32m INFO[0m [2mralph::loop_runner[0m[2m:[0m Robot human-in-the-loop service active [3mbot_token[0m[2m=[0m8414...bo2k [3mtimeout_secs[0m[2m=[0m120
[2m2026-04-18T00:46:08.718095Z[0m [32m INFO[0m [2mralph_core::event_loop[0m[2m:[0m Memory injection check: enabled=true, inject=Auto, workspace_root="/home/admin/pinch_n_print"
[2m2026-04-18T00:46:08.718124Z[0m [32m INFO[0m [2mralph_core::event_loop[0m[2m:[0m Looking for memories at: "/home/admin/pinch_n_print/.ralph/agent/memories.md" (exists: true)
[2m2026-04-18T00:46:08.719001Z[0m [32m INFO[0m [2mralph_core::event_loop[0m[2m:[0m Successfully loaded 11 memories from store
[2m2026-04-18T00:46:08.719034Z[0m [32m INFO[0m [2mralph_core::event_loop[0m[2m:[0m Injecting 11 memories (3742 chars) into prompt
[2m2026-04-18T00:52:58.839215Z[0m [32m INFO[0m [2mralph_core::event_loop[0m[2m:[0m Completion event detected in JSONL [3mtopic[0m[2m=[0mSPEC_PACKET_COMPLETE
[2m2026-04-18T00:52:58.839820Z[0m [32m INFO[0m [2mralph_core::event_loop[0m[2m:[0m Completion event detected - terminating
[2m2026-04-18T00:52:58.839848Z[0m [32m INFO[0m [2mralph::loop_runner[0m[2m:[0m Completion event SPEC_PACKET_COMPLETE detected.
[2m2026-04-18T00:52:59.816561Z[0m [32m INFO[0m [2mralph_telegram::service[0m[2m:[0m Sent farewell to chat 5506222402
[2m2026-04-18T00:52:59.816605Z[0m [32m INFO[0m [2mralph_telegram::service[0m[2m:[0m Telegram service stopped [3mworkspace[0m[2m=[0m/home/admin/pinch_n_print
[2m2026-04-18T00:52:59.816684Z[0m [32m INFO[0m [2mralph_core::event_loop[0m[2m:[0m Wrapping up: completed. 1 iterations in 6m 51s. [3mreason[0m[2m=[0mcompleted [3miterations[0m[2m=[0m1 [3mduration[0m[2m=[0m6m 51s
[2m2026-04-18T00:52:59.818971Z[0m [32m INFO[0m [2mralph_core::landing[0m[2m:[0m Beginning landing sequence [3mloop_id[0m[2m=[0mprimary
[2m2026-04-18T00:52:59.838120Z[0m [32m INFO[0m [2mralph_core::landing[0m[2m:[0m Auto-committed changes during landing [3mloop_id[0m[2m=[0mprimary [3mcommit[0m[2m=[0mSome("801943536570f46eef99060c67425a1a1e4778e6") [3mfiles[0m[2m=[0m9
[2m2026-04-18T00:53:00.498432Z[0m [32m INFO[0m [2mralph_core::landing[0m[2m:[0m Generated handoff file [3mloop_id[0m[2m=[0mprimary [3mpath[0m[2m=[0m/home/admin/pinch_n_print/.ralph/agent/handoff.md [3mcompleted[0m[2m=[0m0 [3mopen[0m[2m=[0m0
[2m2026-04-18T00:53:00.506458Z[0m [32m INFO[0m [2mralph_core::loop_completion[0m[2m:[0m Landing completed with auto-commit [3mcommit[0m[2m=[0mSome("801943536570f46eef99060c67425a1a1e4778e6") [3mhandoff[0m[2m=[0m/home/admin/pinch_n_print/.ralph/agent/handoff.md
[2m2026-04-18T00:53:00.506508Z[0m [32m INFO[0m [2mralph::loop_runner[0m[2m:[0m Primary loop landed successfully [3mcommitted[0m[2m=[0mtrue [3mhandoff[0m[2m=[0m/home/admin/pinch_n_print/.ralph/agent/handoff.md [3mopen_tasks[0m[2m=[0m0
